Using pre-set license
Built from '2021.1/staging' branch; Version is '2021.1.18f1 (25bdc3efbc2d) revision 2473411'; Using compiler version '192528614'; Build Type 'Release'
OS: 'Windows 10 Education; OS build 19042.1466; Version 2009; 64bit' Language: 'en' Physical Memory: 8024 MB
BatchMode: 1, IsHumanControllingUs: 0, StartBugReporterOnCrash: 0, Is64bit: 1, IsPro: 0

COMMAND LINE ARGUMENTS:
C:\Program Files\Unity\Hub\Editor\2021.1.18f1\Editor\Unity.exe
-adb2
-batchMode
-noUpm
-name
AssetImportWorker2
-projectPath
C:/temp/UnityProjects/Unit-5-7-v2
-logFile
Logs/AssetImportWorker2.log
-srvPort
58757
Successfully changed project path to: C:/temp/UnityProjects/Unit-5-7-v2
C:/temp/UnityProjects/Unit-5-7-v2
Using Asset Import Pipeline V2.
Refreshing native plugins compatible for Editor in 1198.34 ms, found 3 plugins.
Preloading 0 native plugins for Editor in 0.00 ms.
Initialize engine version: 2021.1.18f1 (25bdc3efbc2d)
[Subsystems] Discovering subsystems at path C:/Program Files/Unity/Hub/Editor/2021.1.18f1/Editor/Data/Resources/UnitySubsystems
[Subsystems] Discovering subsystems at path C:/temp/UnityProjects/Unit-5-7-v2/Assets
GfxDevice: creating device client; threaded=0; jobified=0
Direct3D:
    Version:  Direct3D 11.0 [level 11.1]
    Renderer: Intel(R) UHD Graphics 630 (ID=0x3e91)
    Vendor:   Intel
    VRAM:     4012 MB
    Driver:   27.20.100.9415
Initialize mono
Mono path[0] = 'C:/Program Files/Unity/Hub/Editor/2021.1.18f1/Editor/Data/Managed'
Mono path[1] = 'C:/Program Files/Unity/Hub/Editor/2021.1.18f1/Editor/Data/MonoBleedingEdge/lib/mono/unityjit'
Mono config path = 'C:/Program Files/Unity/Hub/Editor/2021.1.18f1/Editor/Data/MonoBleedingEdge/etc'
Using monoOptions --debugger-agent=transport=dt_socket,embedding=1,server=y,suspend=n,address=127.0.0.1:56580
Begin MonoManager ReloadAssembly
Registering precompiled unity dll's ...
Register platform support module: C:/Program Files/Unity/Hub/Editor/2021.1.18f1/Editor/Data/PlaybackEngines/WindowsStandaloneSupport/UnityEditor.WindowsStandalone.Extensions.dll
Registered in 0.018644 seconds.
Native extension for WindowsStandalone target not found
Refreshing native plugins compatible for Editor in 992.95 ms, found 3 plugins.
Preloading 0 native plugins for Editor in 0.00 ms.
Mono: successfully reloaded assembly
- Completed reload, in 18.171 seconds
Domain Reload Profiling:
	ReloadAssembly (18173ms)
		BeginReloadAssembly (729ms)
			ExecutionOrderSort (0ms)
			DisableScriptedObjects (0ms)
			BackupInstance (0ms)
			ReleaseScriptingObjects (0ms)
			CreateAndSetChildDomain (17ms)
		EndReloadAssembly (4801ms)
			LoadAssemblies (704ms)
			RebuildTransferFunctionScriptingTraits (1ms)
			SetupTypeCache (1647ms)
			ReleaseScriptCaches (2ms)
			RebuildScriptCaches (278ms)
			SetupLoadedEditorAssemblies (2407ms)
				LogAssemblyErrors (0ms)
				InitializePlatformSupportModulesInManaged (64ms)
				SetLoadedEditorAssemblies (4ms)
				RefreshPlugins (994ms)
				BeforeProcessingInitializeOnLoad (12ms)
				ProcessInitializeOnLoadAttributes (1032ms)
				ProcessInitializeOnLoadMethodAttributes (297ms)
				AfterProcessingInitializeOnLoad (1ms)
				EditorAssembliesLoaded (2ms)
			ExecutionOrderSort2 (0ms)
			AwakeInstancesAfterBackupRestoration (0ms)
Platform modules already initialized, skipping
Registering precompiled user dll's ...
Registered in 0.048391 seconds.
